<?xml version="1.0" encoding="UTF-8"?>
<testsuite xmlns:xsi="http://www.w3.org/2001/XMLSchema-instance" xsi:noNamespaceSchemaLocation="https://maven.apache.org/surefire/maven-surefire-plugin/xsd/surefire-test-report-3.0.xsd" version="3.0" name="com.orange.RunCucumberTest" time="31.666" tests="3" errors="1" skipped="0" failures="0">
  <properties>
[...]
</properties>
  <testcase name="Login  ok" classname="Reserva de viajes en PeruRail" time="7.039">
    <system-out><![CDATA[
Scenario: Login  ok                                                # src/main/resources/features/CasosPrueba.feature:3
  Given El usuario ingresa a la pagina de orange                   # com.orange.steps.OrangeSteps.abrirPagina()
  When El usuario ingresa el user "Admin" y el password "admin123" # com.orange.steps.OrangeSteps.ingresaCredenciales(java.lang.String,java.lang.String)
Prueba con credenciales correctas: PASSED
  Then aqui se verificara los datos son correctos                  # com.orange.steps.OrangeSteps.hagoClicEnElBotonContinue()
]]></system-out>
    <system-err><![CDATA[feb. 11, 2025 1:53:56 A. M. org.openqa.selenium.devtools.CdpVersionFinder findNearestMatch
ADVERTENCIA: Unable to find CDP implementation matching 133
feb. 11, 2025 1:53:56 A. M. org.openqa.selenium.chromium.ChromiumDriver lambda$new$5
ADVERTENCIA: Unable to find version of CDP to use for 133.0.6943.60. You may need to include a dependency on a specific version of the CDP using something similar to `org.seleniumhq.selenium:selenium-devtools-v86:4.21.0` where the version ("v86") matches the version of the chromium-based browser you're using and the version number of the artifact is the same as Selenium's.
]]></system-err>
  </testcase>
  <testcase name="Login  fallido" classname="Reserva de viajes en PeruRail" time="5.556">
    <system-out><![CDATA[
Scenario: Login  fallido                                            # src/main/resources/features/CasosPrueba.feature:8
  Given El usuario ingresa a la pagina de orange                    # com.orange.steps.OrangeSteps.abrirPagina()
  When El usuario ingresa el user "Admin1" y el password "admin123" # com.orange.steps.OrangeSteps.ingresaCredenciales(java.lang.String,java.lang.String)
Mensaje capturado: [Invalid credentials]
Prueba con credenciales incorrectas: PASSED
  Then aqui se verificara los datos son incorrectos                 # com.orange.steps.OrangeSteps.hagoClicEnElBotonLogin()
]]></system-out>
    <system-err><![CDATA[feb. 11, 2025 1:54:02 A. M. org.openqa.selenium.devtools.CdpVersionFinder findNearestMatch
ADVERTENCIA: Unable to find CDP implementation matching 133
feb. 11, 2025 1:54:02 A. M. org.openqa.selenium.chromium.ChromiumDriver lambda$new$5
ADVERTENCIA: Unable to find version of CDP to use for 133.0.6943.60. You may need to include a dependency on a specific version of the CDP using something similar to `org.seleniumhq.selenium:selenium-devtools-v86:4.21.0` where the version ("v86") matches the version of the chromium-based browser you're using and the version number of the artifact is the same as Selenium's.
]]></system-err>
  </testcase>
  <testcase name="El usuario utiliza el filtro para visualizar unicamente los usuarios que tienen el rol de: Admin" classname="Reserva de viajes en PeruRail" time="17.619">
    <error message="The step &apos;Validar que los registros contengan actions editar y eliminar&apos; is undefined.&#10;You can implement this step using the snippet(s) below:&#10;&#10;@Then(&quot;Validar que los registros contengan actions editar y eliminar&quot;)&#10;public void validar_que_los_registros_contengan_actions_editar_y_eliminar() {&#10;    // Write code here that turns the phrase above into concrete actions&#10;    throw new io.cucumber.java.PendingException();&#10;}&#10;" type="io.cucumber.junit.UndefinedStepException"><![CDATA[io.cucumber.junit.UndefinedStepException: 
The step 'Validar que los registros contengan actions editar y eliminar' is undefined.
You can implement this step using the snippet(s) below:

@Then("Validar que los registros contengan actions editar y eliminar")
public void validar_que_los_registros_contengan_actions_editar_y_eliminar() {
    // Write code here that turns the phrase above into concrete actions
    throw new io.cucumber.java.PendingException();
}

]]></error>
    <system-out><![CDATA[
Scenario: El usuario utiliza el filtro para visualizar unicamente los usuarios que tienen el rol de: Admin # src/main/resources/features/CasosPrueba.feature:14
  Given El usuario ingresa a la pagina de orange                                                           # com.orange.steps.OrangeSteps.abrirPagina()
  When El usuario ingresa el user "Admin" y el password "admin123"                                         # com.orange.steps.OrangeSteps.ingresaCredenciales(java.lang.String,java.lang.String)
✅ Menú 'Admin' seleccionado correctamente.
✅ Dropdown abierto.
❌ Ocurrió un error: Expected condition failed: waiting for element to be clickable: By.xpath: //div[@class='oxd-select-text-input' and text()='Admin'] (tried for 10 second(s) with 500 milliseconds interval)
Build info: version: '4.21.0', revision: '79ed462ef4'
System info: os.name: 'Windows 10', os.arch: 'amd64', os.version: '10.0', java.version: '17.0.3'
Driver info: org.openqa.selenium.chrome.ChromeDriver
Capabilities {acceptInsecureCerts: false, browserName: chrome, browserVersion: 133.0.6943.60, chrome: {chromedriverVersion: 133.0.6943.53 (9a80935019b0..., userDataDir: C:\Users\AQUESQ~1\AppData\L...}, fedcm:accounts: true, goog:chromeOptions: {debuggerAddress: localhost:53295}, networkConnectionEnabled: false, pageLoadStrategy: normal, platformName: windows, proxy: Proxy(), se:cdp: ws://localhost:53295/devtoo..., se:cdpVersion: 133.0.6943.60, setWindowRect: true, strictFileInteractability: false, timeouts: {implicit: 0, pageLoad: 300000, script: 30000}, unhandledPromptBehavior: dismiss and notify, webauthn:extension:credBlob: true, webauthn:extension:largeBlob: true, webauthn:extension:minPinLength: true, webauthn:extension:prf: true, webauthn:virtualAuthenticators: true}
Session ID: 5b866248b7a18082e74bece41b105477
  And Buscar administradores                                                                               # com.orange.steps.OrangeSteps.filtrar()
  Then Validar que los registros contengan actions editar y eliminar
]]></system-out>
    <system-err><![CDATA[feb. 11, 2025 1:54:07 A. M. org.openqa.selenium.devtools.CdpVersionFinder findNearestMatch
ADVERTENCIA: Unable to find CDP implementation matching 133
feb. 11, 2025 1:54:07 A. M. org.openqa.selenium.chromium.ChromiumDriver lambda$new$5
ADVERTENCIA: Unable to find version of CDP to use for 133.0.6943.60. You may need to include a dependency on a specific version of the CDP using something similar to `org.seleniumhq.selenium:selenium-devtools-v86:4.21.0` where the version ("v86") matches the version of the chromium-based browser you're using and the version number of the artifact is the same as Selenium's.
]]></system-err>
  </testcase>
</testsuite>